[2025-11-09T16:57:57.085+0000] {taskinstance.py:1956} INFO - Dependencies all met for dep_context=non-requeueable deps ti=<TaskInstance: fifa_world_cup_finals_etl.scrape_fifa_raw_data scheduled__2025-11-02T00:00:00+00:00 [queued]>
[2025-11-09T16:57:57.091+0000] {taskinstance.py:1956} INFO - Dependencies all met for dep_context=requeueable deps ti=<TaskInstance: fifa_world_cup_finals_etl.scrape_fifa_raw_data scheduled__2025-11-02T00:00:00+00:00 [queued]>
[2025-11-09T16:57:57.091+0000] {taskinstance.py:2170} INFO - Starting attempt 2 of 2
[2025-11-09T16:57:57.103+0000] {taskinstance.py:2191} INFO - Executing <Task(PythonOperator): scrape_fifa_raw_data> on 2025-11-02 00:00:00+00:00
[2025-11-09T16:57:57.111+0000] {standard_task_runner.py:60} INFO - Started process 2326 to run task
[2025-11-09T16:57:57.115+0000] {standard_task_runner.py:87} INFO - Running: ['airflow', 'tasks', 'run', 'fifa_world_cup_finals_etl', 'scrape_fifa_raw_data', 'scheduled__2025-11-02T00:00:00+00:00', '--job-id', '5', '--raw', '--subdir', 'DAGS_FOLDER/dag_final.py', '--cfg-path', '/tmp/tmp9nxhd__o']
[2025-11-09T16:57:57.118+0000] {standard_task_runner.py:88} INFO - Job 5: Subtask scrape_fifa_raw_data
[2025-11-09T16:57:57.175+0000] {task_command.py:423} INFO - Running <TaskInstance: fifa_world_cup_finals_etl.scrape_fifa_raw_data scheduled__2025-11-02T00:00:00+00:00 [running]> on host 6819cc8deed9
[2025-11-09T16:57:57.249+0000] {taskinstance.py:2480} INFO - Exporting env vars: AIRFLOW_CTX_DAG_OWNER='airflow' AIRFLOW_CTX_DAG_ID='fifa_world_cup_finals_etl' AIRFLOW_CTX_TASK_ID='scrape_fifa_raw_data' AIRFLOW_CTX_EXECUTION_DATE='2025-11-02T00:00:00+00:00' AIRFLOW_CTX_TRY_NUMBER='2' AIRFLOW_CTX_DAG_RUN_ID='scheduled__2025-11-02T00:00:00+00:00'
[2025-11-09T16:57:57.645+0000] {taskinstance.py:2698} ERROR - Task failed with exception
Traceback (most recent call last):
  File "/home/airflow/.local/lib/python3.8/site-packages/sqlalchemy/engine/base.py", line 1910, in _execute_context
    self.dialect.do_execute(
  File "/home/airflow/.local/lib/python3.8/site-packages/sqlalchemy/engine/default.py", line 736, in do_execute
    cursor.execute(statement, parameters)
psycopg2.errors.DependentObjectsStillExist: cannot drop table staging.fifa_raw_finals because other objects depend on it
DETAIL:  view public_analytics.fifa_clean depends on table staging.fifa_raw_finals
view analytics_analytics.fifa_clean depends on table staging.fifa_raw_finals
view analytics.fifa_clean depends on table staging.fifa_raw_finals
view analytics.fifa_world_cup_finals depends on table staging.fifa_raw_finals
HINT:  Use DROP ... CASCADE to drop the dependent objects too.


The above exception was the direct cause of the following exception:

Traceback (most recent call last):
  File "/home/airflow/.local/lib/python3.8/site-packages/airflow/models/taskinstance.py", line 433, in _execute_task
    result = execute_callable(context=context, **execute_callable_kwargs)
  File "/home/airflow/.local/lib/python3.8/site-packages/airflow/operators/python.py", line 199, in execute
    return_value = self.execute_callable()
  File "/home/airflow/.local/lib/python3.8/site-packages/airflow/operators/python.py", line 216, in execute_callable
    return self.python_callable(*self.op_args, **self.op_kwargs)
  File "/opt/airflow/dags/dag_final.py", line 30, in scrape_fifa_raw
    df.to_sql(
  File "/home/airflow/.local/lib/python3.8/site-packages/pandas/core/generic.py", line 2878, in to_sql
    return sql.to_sql(
  File "/home/airflow/.local/lib/python3.8/site-packages/pandas/io/sql.py", line 769, in to_sql
    return pandas_sql.to_sql(
  File "/home/airflow/.local/lib/python3.8/site-packages/pandas/io/sql.py", line 1910, in to_sql
    table = self.prep_table(
  File "/home/airflow/.local/lib/python3.8/site-packages/pandas/io/sql.py", line 1814, in prep_table
    table.create()
  File "/home/airflow/.local/lib/python3.8/site-packages/pandas/io/sql.py", line 907, in create
    self.pd_sql.drop_table(self.name, self.schema)
  File "/home/airflow/.local/lib/python3.8/site-packages/pandas/io/sql.py", line 1963, in drop_table
    self.get_table(table_name, schema).drop(bind=self.con)
  File "/home/airflow/.local/lib/python3.8/site-packages/sqlalchemy/sql/schema.py", line 979, in drop
    bind._run_ddl_visitor(ddl.SchemaDropper, self, checkfirst=checkfirst)
  File "/home/airflow/.local/lib/python3.8/site-packages/sqlalchemy/engine/base.py", line 2221, in _run_ddl_visitor
    visitorcallable(self.dialect, self, **kwargs).traverse_single(element)
  File "/home/airflow/.local/lib/python3.8/site-packages/sqlalchemy/sql/visitors.py", line 524, in traverse_single
    return meth(obj, **kw)
  File "/home/airflow/.local/lib/python3.8/site-packages/sqlalchemy/sql/ddl.py", line 1106, in visit_table
    self.connection.execute(DropTable(table))
  File "/home/airflow/.local/lib/python3.8/site-packages/sqlalchemy/engine/base.py", line 1385, in execute
    return meth(self, multiparams, params, _EMPTY_EXECUTION_OPTS)
  File "/home/airflow/.local/lib/python3.8/site-packages/sqlalchemy/sql/ddl.py", line 80, in _execute_on_connection
    return connection._execute_ddl(
  File "/home/airflow/.local/lib/python3.8/site-packages/sqlalchemy/engine/base.py", line 1477, in _execute_ddl
    ret = self._execute_context(
  File "/home/airflow/.local/lib/python3.8/site-packages/sqlalchemy/engine/base.py", line 1953, in _execute_context
    self._handle_dbapi_exception(
  File "/home/airflow/.local/lib/python3.8/site-packages/sqlalchemy/engine/base.py", line 2134, in _handle_dbapi_exception
    util.raise_(
  File "/home/airflow/.local/lib/python3.8/site-packages/sqlalchemy/util/compat.py", line 211, in raise_
    raise exception
  File "/home/airflow/.local/lib/python3.8/site-packages/sqlalchemy/engine/base.py", line 1910, in _execute_context
    self.dialect.do_execute(
  File "/home/airflow/.local/lib/python3.8/site-packages/sqlalchemy/engine/default.py", line 736, in do_execute
    cursor.execute(statement, parameters)
sqlalchemy.exc.InternalError: (psycopg2.errors.DependentObjectsStillExist) cannot drop table staging.fifa_raw_finals because other objects depend on it
DETAIL:  view public_analytics.fifa_clean depends on table staging.fifa_raw_finals
view analytics_analytics.fifa_clean depends on table staging.fifa_raw_finals
view analytics.fifa_clean depends on table staging.fifa_raw_finals
view analytics.fifa_world_cup_finals depends on table staging.fifa_raw_finals
HINT:  Use DROP ... CASCADE to drop the dependent objects too.

[SQL: 
DROP TABLE staging.fifa_raw_finals]
(Background on this error at: https://sqlalche.me/e/14/2j85)
[2025-11-09T16:57:57.664+0000] {taskinstance.py:1138} INFO - Marking task as FAILED. dag_id=fifa_world_cup_finals_etl, task_id=scrape_fifa_raw_data, execution_date=20251102T000000, start_date=20251109T165757, end_date=20251109T165757
[2025-11-09T16:57:57.675+0000] {standard_task_runner.py:107} ERROR - Failed to execute job 5 for task scrape_fifa_raw_data ((psycopg2.errors.DependentObjectsStillExist) cannot drop table staging.fifa_raw_finals because other objects depend on it
DETAIL:  view public_analytics.fifa_clean depends on table staging.fifa_raw_finals
view analytics_analytics.fifa_clean depends on table staging.fifa_raw_finals
view analytics.fifa_clean depends on table staging.fifa_raw_finals
view analytics.fifa_world_cup_finals depends on table staging.fifa_raw_finals
HINT:  Use DROP ... CASCADE to drop the dependent objects too.

[SQL: 
DROP TABLE staging.fifa_raw_finals]
(Background on this error at: https://sqlalche.me/e/14/2j85); 2326)
[2025-11-09T16:57:57.707+0000] {local_task_job_runner.py:234} INFO - Task exited with return code 1
[2025-11-09T16:57:57.728+0000] {taskinstance.py:3280} INFO - 0 downstream tasks scheduled from follow-on schedule check
[2025-11-09T17:26:30.464+0000] {taskinstance.py:1956} INFO - Dependencies all met for dep_context=non-requeueable deps ti=<TaskInstance: fifa_world_cup_finals_etl.scrape_fifa_raw_data scheduled__2025-11-02T00:00:00+00:00 [queued]>
[2025-11-09T17:26:30.470+0000] {taskinstance.py:1956} INFO - Dependencies all met for dep_context=requeueable deps ti=<TaskInstance: fifa_world_cup_finals_etl.scrape_fifa_raw_data scheduled__2025-11-02T00:00:00+00:00 [queued]>
[2025-11-09T17:26:30.471+0000] {taskinstance.py:2170} INFO - Starting attempt 2 of 2
[2025-11-09T17:26:30.482+0000] {taskinstance.py:2191} INFO - Executing <Task(PythonOperator): scrape_fifa_raw_data> on 2025-11-02 00:00:00+00:00
[2025-11-09T17:26:30.489+0000] {standard_task_runner.py:60} INFO - Started process 340 to run task
[2025-11-09T17:26:30.493+0000] {standard_task_runner.py:87} INFO - Running: ['airflow', 'tasks', 'run', 'fifa_world_cup_finals_etl', 'scrape_fifa_raw_data', 'scheduled__2025-11-02T00:00:00+00:00', '--job-id', '6', '--raw', '--subdir', 'DAGS_FOLDER/dag_final.py', '--cfg-path', '/tmp/tmpyem0_tjo']
[2025-11-09T17:26:30.496+0000] {standard_task_runner.py:88} INFO - Job 6: Subtask scrape_fifa_raw_data
[2025-11-09T17:26:30.551+0000] {task_command.py:423} INFO - Running <TaskInstance: fifa_world_cup_finals_etl.scrape_fifa_raw_data scheduled__2025-11-02T00:00:00+00:00 [running]> on host 5dc5c03d572d
[2025-11-09T17:26:30.625+0000] {taskinstance.py:2480} INFO - Exporting env vars: AIRFLOW_CTX_DAG_OWNER='airflow' AIRFLOW_CTX_DAG_ID='fifa_world_cup_finals_etl' AIRFLOW_CTX_TASK_ID='scrape_fifa_raw_data' AIRFLOW_CTX_EXECUTION_DATE='2025-11-02T00:00:00+00:00' AIRFLOW_CTX_TRY_NUMBER='2' AIRFLOW_CTX_DAG_RUN_ID='scheduled__2025-11-02T00:00:00+00:00'
[2025-11-09T17:26:31.069+0000] {python.py:201} INFO - Done. Returned value was: None
[2025-11-09T17:26:31.079+0000] {taskinstance.py:1138} INFO - Marking task as SUCCESS. dag_id=fifa_world_cup_finals_etl, task_id=scrape_fifa_raw_data, execution_date=20251102T000000, start_date=20251109T172630, end_date=20251109T172631
[2025-11-09T17:26:31.137+0000] {local_task_job_runner.py:234} INFO - Task exited with return code 0
[2025-11-09T17:26:31.157+0000] {taskinstance.py:3280} INFO - 1 downstream tasks scheduled from follow-on schedule check
[2025-11-09T19:25:14.246+0000] {taskinstance.py:1956} INFO - Dependencies all met for dep_context=non-requeueable deps ti=<TaskInstance: fifa_world_cup_finals_etl.scrape_fifa_raw_data scheduled__2025-11-02T00:00:00+00:00 [queued]>
[2025-11-09T19:25:14.252+0000] {taskinstance.py:1956} INFO - Dependencies all met for dep_context=requeueable deps ti=<TaskInstance: fifa_world_cup_finals_etl.scrape_fifa_raw_data scheduled__2025-11-02T00:00:00+00:00 [queued]>
[2025-11-09T19:25:14.253+0000] {taskinstance.py:2170} INFO - Starting attempt 2 of 2
[2025-11-09T19:25:14.264+0000] {taskinstance.py:2191} INFO - Executing <Task(PythonOperator): scrape_fifa_raw_data> on 2025-11-02 00:00:00+00:00
[2025-11-09T19:25:14.271+0000] {standard_task_runner.py:60} INFO - Started process 338 to run task
[2025-11-09T19:25:14.275+0000] {standard_task_runner.py:87} INFO - Running: ['airflow', 'tasks', 'run', 'fifa_world_cup_finals_etl', 'scrape_fifa_raw_data', 'scheduled__2025-11-02T00:00:00+00:00', '--job-id', '5', '--raw', '--subdir', 'DAGS_FOLDER/dag_final.py', '--cfg-path', '/tmp/tmptm13l10y']
[2025-11-09T19:25:14.278+0000] {standard_task_runner.py:88} INFO - Job 5: Subtask scrape_fifa_raw_data
[2025-11-09T19:25:14.333+0000] {task_command.py:423} INFO - Running <TaskInstance: fifa_world_cup_finals_etl.scrape_fifa_raw_data scheduled__2025-11-02T00:00:00+00:00 [running]> on host 91f49762ba45
[2025-11-09T19:25:14.406+0000] {taskinstance.py:2480} INFO - Exporting env vars: AIRFLOW_CTX_DAG_OWNER='airflow' AIRFLOW_CTX_DAG_ID='fifa_world_cup_finals_etl' AIRFLOW_CTX_TASK_ID='scrape_fifa_raw_data' AIRFLOW_CTX_EXECUTION_DATE='2025-11-02T00:00:00+00:00' AIRFLOW_CTX_TRY_NUMBER='2' AIRFLOW_CTX_DAG_RUN_ID='scheduled__2025-11-02T00:00:00+00:00'
[2025-11-09T19:25:14.880+0000] {python.py:201} INFO - Done. Returned value was: None
[2025-11-09T19:25:14.891+0000] {taskinstance.py:1138} INFO - Marking task as SUCCESS. dag_id=fifa_world_cup_finals_etl, task_id=scrape_fifa_raw_data, execution_date=20251102T000000, start_date=20251109T192514, end_date=20251109T192514
[2025-11-09T19:25:14.943+0000] {local_task_job_runner.py:234} INFO - Task exited with return code 0
[2025-11-09T19:25:14.963+0000] {taskinstance.py:3280} INFO - 1 downstream tasks scheduled from follow-on schedule check
[2025-11-09T19:45:36.731+0000] {taskinstance.py:1956} INFO - Dependencies all met for dep_context=non-requeueable deps ti=<TaskInstance: fifa_world_cup_finals_etl.scrape_fifa_raw_data scheduled__2025-11-02T00:00:00+00:00 [queued]>
[2025-11-09T19:45:36.737+0000] {taskinstance.py:1956} INFO - Dependencies all met for dep_context=requeueable deps ti=<TaskInstance: fifa_world_cup_finals_etl.scrape_fifa_raw_data scheduled__2025-11-02T00:00:00+00:00 [queued]>
[2025-11-09T19:45:36.737+0000] {taskinstance.py:2170} INFO - Starting attempt 2 of 2
[2025-11-09T19:45:36.748+0000] {taskinstance.py:2191} INFO - Executing <Task(PythonOperator): scrape_fifa_raw_data> on 2025-11-02 00:00:00+00:00
[2025-11-09T19:45:36.756+0000] {standard_task_runner.py:60} INFO - Started process 392 to run task
[2025-11-09T19:45:36.760+0000] {standard_task_runner.py:87} INFO - Running: ['airflow', 'tasks', 'run', 'fifa_world_cup_finals_etl', 'scrape_fifa_raw_data', 'scheduled__2025-11-02T00:00:00+00:00', '--job-id', '5', '--raw', '--subdir', 'DAGS_FOLDER/dag_final.py', '--cfg-path', '/tmp/tmpkqmeqb8x']
[2025-11-09T19:45:36.762+0000] {standard_task_runner.py:88} INFO - Job 5: Subtask scrape_fifa_raw_data
[2025-11-09T19:45:36.814+0000] {task_command.py:423} INFO - Running <TaskInstance: fifa_world_cup_finals_etl.scrape_fifa_raw_data scheduled__2025-11-02T00:00:00+00:00 [running]> on host 16b9eea7447b
[2025-11-09T19:45:36.881+0000] {taskinstance.py:2480} INFO - Exporting env vars: AIRFLOW_CTX_DAG_OWNER='airflow' AIRFLOW_CTX_DAG_ID='fifa_world_cup_finals_etl' AIRFLOW_CTX_TASK_ID='scrape_fifa_raw_data' AIRFLOW_CTX_EXECUTION_DATE='2025-11-02T00:00:00+00:00' AIRFLOW_CTX_TRY_NUMBER='2' AIRFLOW_CTX_DAG_RUN_ID='scheduled__2025-11-02T00:00:00+00:00'
[2025-11-09T19:45:37.380+0000] {python.py:201} INFO - Done. Returned value was: None
[2025-11-09T19:45:37.390+0000] {taskinstance.py:1138} INFO - Marking task as SUCCESS. dag_id=fifa_world_cup_finals_etl, task_id=scrape_fifa_raw_data, execution_date=20251102T000000, start_date=20251109T194536, end_date=20251109T194537
[2025-11-09T19:45:37.426+0000] {local_task_job_runner.py:234} INFO - Task exited with return code 0
[2025-11-09T19:45:37.445+0000] {taskinstance.py:3280} INFO - 1 downstream tasks scheduled from follow-on schedule check
[2025-11-09T22:42:43.462+0000] {taskinstance.py:1956} INFO - Dependencies all met for dep_context=non-requeueable deps ti=<TaskInstance: fifa_world_cup_finals_etl.scrape_fifa_raw_data scheduled__2025-11-02T00:00:00+00:00 [queued]>
[2025-11-09T22:42:43.468+0000] {taskinstance.py:1956} INFO - Dependencies all met for dep_context=requeueable deps ti=<TaskInstance: fifa_world_cup_finals_etl.scrape_fifa_raw_data scheduled__2025-11-02T00:00:00+00:00 [queued]>
[2025-11-09T22:42:43.468+0000] {taskinstance.py:2170} INFO - Starting attempt 2 of 2
[2025-11-09T22:42:43.478+0000] {taskinstance.py:2191} INFO - Executing <Task(PythonOperator): scrape_fifa_raw_data> on 2025-11-02 00:00:00+00:00
[2025-11-09T22:42:43.485+0000] {standard_task_runner.py:60} INFO - Started process 574 to run task
[2025-11-09T22:42:43.488+0000] {standard_task_runner.py:87} INFO - Running: ['airflow', 'tasks', 'run', 'fifa_world_cup_finals_etl', 'scrape_fifa_raw_data', 'scheduled__2025-11-02T00:00:00+00:00', '--job-id', '5', '--raw', '--subdir', 'DAGS_FOLDER/dag_final.py', '--cfg-path', '/tmp/tmpkvo2mmiu']
[2025-11-09T22:42:43.491+0000] {standard_task_runner.py:88} INFO - Job 5: Subtask scrape_fifa_raw_data
[2025-11-09T22:42:43.545+0000] {task_command.py:423} INFO - Running <TaskInstance: fifa_world_cup_finals_etl.scrape_fifa_raw_data scheduled__2025-11-02T00:00:00+00:00 [running]> on host 94b409795cfc
[2025-11-09T22:42:43.612+0000] {taskinstance.py:2480} INFO - Exporting env vars: AIRFLOW_CTX_DAG_OWNER='airflow' AIRFLOW_CTX_DAG_ID='fifa_world_cup_finals_etl' AIRFLOW_CTX_TASK_ID='scrape_fifa_raw_data' AIRFLOW_CTX_EXECUTION_DATE='2025-11-02T00:00:00+00:00' AIRFLOW_CTX_TRY_NUMBER='2' AIRFLOW_CTX_DAG_RUN_ID='scheduled__2025-11-02T00:00:00+00:00'
[2025-11-09T22:42:40.428+0000] {python.py:201} INFO - Done. Returned value was: None
[2025-11-09T22:42:40.437+0000] {taskinstance.py:1138} INFO - Marking task as SUCCESS. dag_id=fifa_world_cup_finals_etl, task_id=scrape_fifa_raw_data, execution_date=20251102T000000, start_date=20251109T224243, end_date=20251109T224240
[2025-11-09T22:42:40.461+0000] {local_task_job_runner.py:234} INFO - Task exited with return code 0
[2025-11-09T22:42:40.480+0000] {taskinstance.py:3280} INFO - 1 downstream tasks scheduled from follow-on schedule check
[2025-11-09T23:26:48.716+0000] {taskinstance.py:1956} INFO - Dependencies all met for dep_context=non-requeueable deps ti=<TaskInstance: fifa_world_cup_finals_etl.scrape_fifa_raw_data scheduled__2025-11-02T00:00:00+00:00 [queued]>
[2025-11-09T23:26:48.721+0000] {taskinstance.py:1956} INFO - Dependencies all met for dep_context=requeueable deps ti=<TaskInstance: fifa_world_cup_finals_etl.scrape_fifa_raw_data scheduled__2025-11-02T00:00:00+00:00 [queued]>
[2025-11-09T23:26:48.722+0000] {taskinstance.py:2170} INFO - Starting attempt 2 of 2
[2025-11-09T23:26:48.733+0000] {taskinstance.py:2191} INFO - Executing <Task(PythonOperator): scrape_fifa_raw_data> on 2025-11-02 00:00:00+00:00
[2025-11-09T23:26:48.739+0000] {standard_task_runner.py:60} INFO - Started process 314 to run task
[2025-11-09T23:26:48.744+0000] {standard_task_runner.py:87} INFO - Running: ['airflow', 'tasks', 'run', 'fifa_world_cup_finals_etl', 'scrape_fifa_raw_data', 'scheduled__2025-11-02T00:00:00+00:00', '--job-id', '5', '--raw', '--subdir', 'DAGS_FOLDER/dag_final.py', '--cfg-path', '/tmp/tmpafpz7rs9']
[2025-11-09T23:26:48.746+0000] {standard_task_runner.py:88} INFO - Job 5: Subtask scrape_fifa_raw_data
[2025-11-09T23:26:48.800+0000] {task_command.py:423} INFO - Running <TaskInstance: fifa_world_cup_finals_etl.scrape_fifa_raw_data scheduled__2025-11-02T00:00:00+00:00 [running]> on host cbc7c82ca98b
[2025-11-09T23:26:48.869+0000] {taskinstance.py:2480} INFO - Exporting env vars: AIRFLOW_CTX_DAG_OWNER='airflow' AIRFLOW_CTX_DAG_ID='fifa_world_cup_finals_etl' AIRFLOW_CTX_TASK_ID='scrape_fifa_raw_data' AIRFLOW_CTX_EXECUTION_DATE='2025-11-02T00:00:00+00:00' AIRFLOW_CTX_TRY_NUMBER='2' AIRFLOW_CTX_DAG_RUN_ID='scheduled__2025-11-02T00:00:00+00:00'
[2025-11-09T23:26:49.378+0000] {python.py:201} INFO - Done. Returned value was: None
[2025-11-09T23:26:49.388+0000] {taskinstance.py:1138} INFO - Marking task as SUCCESS. dag_id=fifa_world_cup_finals_etl, task_id=scrape_fifa_raw_data, execution_date=20251102T000000, start_date=20251109T232648, end_date=20251109T232649
[2025-11-09T23:26:49.437+0000] {local_task_job_runner.py:234} INFO - Task exited with return code 0
[2025-11-09T23:26:49.456+0000] {taskinstance.py:3280} INFO - 1 downstream tasks scheduled from follow-on schedule check
[2025-11-10T01:11:06.241+0000] {logging_mixin.py:154} INFO - Changing /opt/airflow/logs/dag_id=fifa_world_cup_finals_etl/run_id=scheduled__2025-11-02T00:00:00+00:00/task_id=scrape_fifa_raw_data permission to 509
[2025-11-10T01:11:06.241+0000] {logging_mixin.py:154} INFO - Failed to change /opt/airflow/logs/dag_id=fifa_world_cup_finals_etl/run_id=scheduled__2025-11-02T00:00:00+00:00/task_id=scrape_fifa_raw_data permission to 509: [Errno 1] Operation not permitted: '/opt/airflow/logs/dag_id=fifa_world_cup_finals_etl/run_id=scheduled__2025-11-02T00:00:00+00:00/task_id=scrape_fifa_raw_data'
[2025-11-10T01:11:06.263+0000] {logging_mixin.py:154} INFO - Changing /opt/airflow/logs/dag_id=fifa_world_cup_finals_etl/run_id=scheduled__2025-11-02T00:00:00+00:00/task_id=scrape_fifa_raw_data permission to 509
[2025-11-10T01:11:06.263+0000] {logging_mixin.py:154} INFO - Failed to change /opt/airflow/logs/dag_id=fifa_world_cup_finals_etl/run_id=scheduled__2025-11-02T00:00:00+00:00/task_id=scrape_fifa_raw_data permission to 509: [Errno 1] Operation not permitted: '/opt/airflow/logs/dag_id=fifa_world_cup_finals_etl/run_id=scheduled__2025-11-02T00:00:00+00:00/task_id=scrape_fifa_raw_data'
[2025-11-10T01:11:06.288+0000] {taskinstance.py:1159} INFO - Dependencies all met for dep_context=non-requeueable deps ti=<TaskInstance: fifa_world_cup_finals_etl.scrape_fifa_raw_data scheduled__2025-11-02T00:00:00+00:00 [queued]>
[2025-11-10T01:11:06.294+0000] {taskinstance.py:1159} INFO - Dependencies all met for dep_context=requeueable deps ti=<TaskInstance: fifa_world_cup_finals_etl.scrape_fifa_raw_data scheduled__2025-11-02T00:00:00+00:00 [queued]>
[2025-11-10T01:11:06.295+0000] {taskinstance.py:1361} INFO - Starting attempt 2 of 3
[2025-11-10T01:11:06.303+0000] {taskinstance.py:1382} INFO - Executing <Task(PythonOperator): scrape_fifa_raw_data> on 2025-11-02 00:00:00+00:00
[2025-11-10T01:11:06.306+0000] {standard_task_runner.py:57} INFO - Started process 255 to run task
[2025-11-10T01:11:06.308+0000] {standard_task_runner.py:84} INFO - Running: ['airflow', 'tasks', 'run', 'fifa_world_cup_finals_etl', 'scrape_fifa_raw_data', 'scheduled__2025-11-02T00:00:00+00:00', '--job-id', '7', '--raw', '--subdir', 'DAGS_FOLDER/dag_final.py', '--cfg-path', '/tmp/tmpa5hfnlka']
[2025-11-10T01:11:06.309+0000] {standard_task_runner.py:85} INFO - Job 7: Subtask scrape_fifa_raw_data
[2025-11-10T01:11:06.344+0000] {logging_mixin.py:154} INFO - Changing /opt/airflow/logs/dag_id=fifa_world_cup_finals_etl/run_id=scheduled__2025-11-02T00:00:00+00:00/task_id=scrape_fifa_raw_data permission to 509
[2025-11-10T01:11:06.344+0000] {logging_mixin.py:154} INFO - Failed to change /opt/airflow/logs/dag_id=fifa_world_cup_finals_etl/run_id=scheduled__2025-11-02T00:00:00+00:00/task_id=scrape_fifa_raw_data permission to 509: [Errno 1] Operation not permitted: '/opt/airflow/logs/dag_id=fifa_world_cup_finals_etl/run_id=scheduled__2025-11-02T00:00:00+00:00/task_id=scrape_fifa_raw_data'
[2025-11-10T01:11:06.345+0000] {task_command.py:416} INFO - Running <TaskInstance: fifa_world_cup_finals_etl.scrape_fifa_raw_data scheduled__2025-11-02T00:00:00+00:00 [running]> on host e82ecfe5b919
[2025-11-10T01:11:06.399+0000] {taskinstance.py:1662} INFO - Exporting env vars: AIRFLOW_CTX_DAG_OWNER='airflow' AIRFLOW_CTX_DAG_ID='fifa_world_cup_finals_etl' AIRFLOW_CTX_TASK_ID='scrape_fifa_raw_data' AIRFLOW_CTX_EXECUTION_DATE='2025-11-02T00:00:00+00:00' AIRFLOW_CTX_TRY_NUMBER='2' AIRFLOW_CTX_DAG_RUN_ID='scheduled__2025-11-02T00:00:00+00:00'
[2025-11-10T01:11:06.755+0000] {python.py:194} INFO - Done. Returned value was: None
[2025-11-10T01:11:06.764+0000] {taskinstance.py:1400} INFO - Marking task as SUCCESS. dag_id=fifa_world_cup_finals_etl, task_id=scrape_fifa_raw_data, execution_date=20251102T000000, start_date=20251110T011106, end_date=20251110T011106
[2025-11-10T01:11:06.801+0000] {local_task_job_runner.py:228} INFO - Task exited with return code 0
[2025-11-10T01:11:06.816+0000] {taskinstance.py:2778} INFO - 1 downstream tasks scheduled from follow-on schedule check
[2025-11-10T01:28:20.532+0000] {logging_mixin.py:154} INFO - Changing /opt/airflow/logs/dag_id=fifa_world_cup_finals_etl/run_id=scheduled__2025-11-02T00:00:00+00:00/task_id=scrape_fifa_raw_data permission to 509
[2025-11-10T01:28:20.533+0000] {logging_mixin.py:154} INFO - Failed to change /opt/airflow/logs/dag_id=fifa_world_cup_finals_etl/run_id=scheduled__2025-11-02T00:00:00+00:00/task_id=scrape_fifa_raw_data permission to 509: [Errno 1] Operation not permitted: '/opt/airflow/logs/dag_id=fifa_world_cup_finals_etl/run_id=scheduled__2025-11-02T00:00:00+00:00/task_id=scrape_fifa_raw_data'
[2025-11-10T01:28:20.552+0000] {logging_mixin.py:154} INFO - Changing /opt/airflow/logs/dag_id=fifa_world_cup_finals_etl/run_id=scheduled__2025-11-02T00:00:00+00:00/task_id=scrape_fifa_raw_data permission to 509
[2025-11-10T01:28:20.553+0000] {logging_mixin.py:154} INFO - Failed to change /opt/airflow/logs/dag_id=fifa_world_cup_finals_etl/run_id=scheduled__2025-11-02T00:00:00+00:00/task_id=scrape_fifa_raw_data permission to 509: [Errno 1] Operation not permitted: '/opt/airflow/logs/dag_id=fifa_world_cup_finals_etl/run_id=scheduled__2025-11-02T00:00:00+00:00/task_id=scrape_fifa_raw_data'
[2025-11-10T01:28:20.579+0000] {taskinstance.py:1159} INFO - Dependencies all met for dep_context=non-requeueable deps ti=<TaskInstance: fifa_world_cup_finals_etl.scrape_fifa_raw_data scheduled__2025-11-02T00:00:00+00:00 [queued]>
[2025-11-10T01:28:20.584+0000] {taskinstance.py:1159} INFO - Dependencies all met for dep_context=requeueable deps ti=<TaskInstance: fifa_world_cup_finals_etl.scrape_fifa_raw_data scheduled__2025-11-02T00:00:00+00:00 [queued]>
[2025-11-10T01:28:20.584+0000] {taskinstance.py:1361} INFO - Starting attempt 2 of 2
[2025-11-10T01:28:20.592+0000] {taskinstance.py:1382} INFO - Executing <Task(PythonOperator): scrape_fifa_raw_data> on 2025-11-02 00:00:00+00:00
[2025-11-10T01:28:20.595+0000] {standard_task_runner.py:57} INFO - Started process 341 to run task
[2025-11-10T01:28:20.597+0000] {standard_task_runner.py:84} INFO - Running: ['airflow', 'tasks', 'run', 'fifa_world_cup_finals_etl', 'scrape_fifa_raw_data', 'scheduled__2025-11-02T00:00:00+00:00', '--job-id', '5', '--raw', '--subdir', 'DAGS_FOLDER/dag_final.py', '--cfg-path', '/tmp/tmpfkoqii87']
[2025-11-10T01:28:20.599+0000] {standard_task_runner.py:85} INFO - Job 5: Subtask scrape_fifa_raw_data
[2025-11-10T01:28:20.632+0000] {logging_mixin.py:154} INFO - Changing /opt/airflow/logs/dag_id=fifa_world_cup_finals_etl/run_id=scheduled__2025-11-02T00:00:00+00:00/task_id=scrape_fifa_raw_data permission to 509
[2025-11-10T01:28:20.632+0000] {logging_mixin.py:154} INFO - Failed to change /opt/airflow/logs/dag_id=fifa_world_cup_finals_etl/run_id=scheduled__2025-11-02T00:00:00+00:00/task_id=scrape_fifa_raw_data permission to 509: [Errno 1] Operation not permitted: '/opt/airflow/logs/dag_id=fifa_world_cup_finals_etl/run_id=scheduled__2025-11-02T00:00:00+00:00/task_id=scrape_fifa_raw_data'
[2025-11-10T01:28:20.633+0000] {task_command.py:416} INFO - Running <TaskInstance: fifa_world_cup_finals_etl.scrape_fifa_raw_data scheduled__2025-11-02T00:00:00+00:00 [running]> on host cbdc166575cf
[2025-11-10T01:28:20.690+0000] {taskinstance.py:1662} INFO - Exporting env vars: AIRFLOW_CTX_DAG_OWNER='airflow' AIRFLOW_CTX_DAG_ID='fifa_world_cup_finals_etl' AIRFLOW_CTX_TASK_ID='scrape_fifa_raw_data' AIRFLOW_CTX_EXECUTION_DATE='2025-11-02T00:00:00+00:00' AIRFLOW_CTX_TRY_NUMBER='2' AIRFLOW_CTX_DAG_RUN_ID='scheduled__2025-11-02T00:00:00+00:00'
[2025-11-10T01:28:21.084+0000] {python.py:194} INFO - Done. Returned value was: None
[2025-11-10T01:28:21.093+0000] {taskinstance.py:1400} INFO - Marking task as SUCCESS. dag_id=fifa_world_cup_finals_etl, task_id=scrape_fifa_raw_data, execution_date=20251102T000000, start_date=20251110T012820, end_date=20251110T012821
[2025-11-10T01:28:21.130+0000] {local_task_job_runner.py:228} INFO - Task exited with return code 0
[2025-11-10T01:28:21.146+0000] {taskinstance.py:2778} INFO - 1 downstream tasks scheduled from follow-on schedule check
[2025-11-10T03:30:43.632+0000] {logging_mixin.py:154} INFO - Changing /opt/airflow/logs/dag_id=fifa_world_cup_finals_etl/run_id=scheduled__2025-11-02T00:00:00+00:00/task_id=scrape_fifa_raw_data permission to 509
[2025-11-10T03:30:43.633+0000] {logging_mixin.py:154} INFO - Failed to change /opt/airflow/logs/dag_id=fifa_world_cup_finals_etl/run_id=scheduled__2025-11-02T00:00:00+00:00/task_id=scrape_fifa_raw_data permission to 509: [Errno 1] Operation not permitted: '/opt/airflow/logs/dag_id=fifa_world_cup_finals_etl/run_id=scheduled__2025-11-02T00:00:00+00:00/task_id=scrape_fifa_raw_data'
[2025-11-10T03:30:43.661+0000] {logging_mixin.py:154} INFO - Changing /opt/airflow/logs/dag_id=fifa_world_cup_finals_etl/run_id=scheduled__2025-11-02T00:00:00+00:00/task_id=scrape_fifa_raw_data permission to 509
[2025-11-10T03:30:43.662+0000] {logging_mixin.py:154} INFO - Failed to change /opt/airflow/logs/dag_id=fifa_world_cup_finals_etl/run_id=scheduled__2025-11-02T00:00:00+00:00/task_id=scrape_fifa_raw_data permission to 509: [Errno 1] Operation not permitted: '/opt/airflow/logs/dag_id=fifa_world_cup_finals_etl/run_id=scheduled__2025-11-02T00:00:00+00:00/task_id=scrape_fifa_raw_data'
[2025-11-10T03:30:43.694+0000] {taskinstance.py:1159} INFO - Dependencies all met for dep_context=non-requeueable deps ti=<TaskInstance: fifa_world_cup_finals_etl.scrape_fifa_raw_data scheduled__2025-11-02T00:00:00+00:00 [queued]>
[2025-11-10T03:30:43.700+0000] {taskinstance.py:1159} INFO - Dependencies all met for dep_context=requeueable deps ti=<TaskInstance: fifa_world_cup_finals_etl.scrape_fifa_raw_data scheduled__2025-11-02T00:00:00+00:00 [queued]>
[2025-11-10T03:30:43.701+0000] {taskinstance.py:1361} INFO - Starting attempt 2 of 2
[2025-11-10T03:30:43.713+0000] {taskinstance.py:1382} INFO - Executing <Task(PythonOperator): scrape_fifa_raw_data> on 2025-11-02 00:00:00+00:00
[2025-11-10T03:30:43.720+0000] {standard_task_runner.py:57} INFO - Started process 549 to run task
[2025-11-10T03:30:43.725+0000] {standard_task_runner.py:84} INFO - Running: ['airflow', 'tasks', 'run', 'fifa_world_cup_finals_etl', 'scrape_fifa_raw_data', 'scheduled__2025-11-02T00:00:00+00:00', '--job-id', '5', '--raw', '--subdir', 'DAGS_FOLDER/dag_final.py', '--cfg-path', '/tmp/tmp4s7awolg']
[2025-11-10T03:30:43.728+0000] {standard_task_runner.py:85} INFO - Job 5: Subtask scrape_fifa_raw_data
[2025-11-10T03:30:43.787+0000] {logging_mixin.py:154} INFO - Changing /opt/airflow/logs/dag_id=fifa_world_cup_finals_etl/run_id=scheduled__2025-11-02T00:00:00+00:00/task_id=scrape_fifa_raw_data permission to 509
[2025-11-10T03:30:43.788+0000] {logging_mixin.py:154} INFO - Failed to change /opt/airflow/logs/dag_id=fifa_world_cup_finals_etl/run_id=scheduled__2025-11-02T00:00:00+00:00/task_id=scrape_fifa_raw_data permission to 509: [Errno 1] Operation not permitted: '/opt/airflow/logs/dag_id=fifa_world_cup_finals_etl/run_id=scheduled__2025-11-02T00:00:00+00:00/task_id=scrape_fifa_raw_data'
[2025-11-10T03:30:43.790+0000] {task_command.py:416} INFO - Running <TaskInstance: fifa_world_cup_finals_etl.scrape_fifa_raw_data scheduled__2025-11-02T00:00:00+00:00 [running]> on host 85461f9327e1
[2025-11-10T03:30:43.876+0000] {taskinstance.py:1662} INFO - Exporting env vars: AIRFLOW_CTX_DAG_OWNER='airflow' AIRFLOW_CTX_DAG_ID='fifa_world_cup_finals_etl' AIRFLOW_CTX_TASK_ID='scrape_fifa_raw_data' AIRFLOW_CTX_EXECUTION_DATE='2025-11-02T00:00:00+00:00' AIRFLOW_CTX_TRY_NUMBER='2' AIRFLOW_CTX_DAG_RUN_ID='scheduled__2025-11-02T00:00:00+00:00'
[2025-11-10T03:30:44.333+0000] {taskinstance.py:1937} ERROR - Task failed with exception
Traceback (most recent call last):
  File "/home/airflow/.local/lib/python3.8/site-packages/sqlalchemy/engine/base.py", line 3371, in _wrap_pool_connect
    return fn()
  File "/home/airflow/.local/lib/python3.8/site-packages/sqlalchemy/pool/base.py", line 327, in connect
    return _ConnectionFairy._checkout(self)
  File "/home/airflow/.local/lib/python3.8/site-packages/sqlalchemy/pool/base.py", line 894, in _checkout
    fairy = _ConnectionRecord.checkout(pool)
  File "/home/airflow/.local/lib/python3.8/site-packages/sqlalchemy/pool/base.py", line 493, in checkout
    rec = pool._do_get()
  File "/home/airflow/.local/lib/python3.8/site-packages/sqlalchemy/pool/impl.py", line 146, in _do_get
    self._dec_overflow()
  File "/home/airflow/.local/lib/python3.8/site-packages/sqlalchemy/util/langhelpers.py", line 70, in __exit__
    compat.raise_(
  File "/home/airflow/.local/lib/python3.8/site-packages/sqlalchemy/util/compat.py", line 211, in raise_
    raise exception
  File "/home/airflow/.local/lib/python3.8/site-packages/sqlalchemy/pool/impl.py", line 143, in _do_get
    return self._create_connection()
  File "/home/airflow/.local/lib/python3.8/site-packages/sqlalchemy/pool/base.py", line 273, in _create_connection
    return _ConnectionRecord(self)
  File "/home/airflow/.local/lib/python3.8/site-packages/sqlalchemy/pool/base.py", line 388, in __init__
    self.__connect()
  File "/home/airflow/.local/lib/python3.8/site-packages/sqlalchemy/pool/base.py", line 691, in __connect
    pool.logger.debug("Error on connect(): %s", e)
  File "/home/airflow/.local/lib/python3.8/site-packages/sqlalchemy/util/langhelpers.py", line 70, in __exit__
    compat.raise_(
  File "/home/airflow/.local/lib/python3.8/site-packages/sqlalchemy/util/compat.py", line 211, in raise_
    raise exception
  File "/home/airflow/.local/lib/python3.8/site-packages/sqlalchemy/pool/base.py", line 686, in __connect
    self.dbapi_connection = connection = pool._invoke_creator(self)
  File "/home/airflow/.local/lib/python3.8/site-packages/sqlalchemy/engine/create.py", line 574, in connect
    return dialect.connect(*cargs, **cparams)
  File "/home/airflow/.local/lib/python3.8/site-packages/sqlalchemy/engine/default.py", line 598, in connect
    return self.dbapi.connect(*cargs, **cparams)
  File "/home/airflow/.local/lib/python3.8/site-packages/psycopg2/__init__.py", line 122, in connect
    conn = _connect(dsn, connection_factory=connection_factory, **kwasync)
psycopg2.OperationalError: connection to server at "postgres" (172.19.0.2), port 5432 failed: FATAL:  database "fifa_dw_project" does not exist


The above exception was the direct cause of the following exception:

Traceback (most recent call last):
  File "/home/airflow/.local/lib/python3.8/site-packages/airflow/operators/python.py", line 192, in execute
    return_value = self.execute_callable()
  File "/home/airflow/.local/lib/python3.8/site-packages/airflow/operators/python.py", line 209, in execute_callable
    return self.python_callable(*self.op_args, **self.op_kwargs)
  File "/opt/airflow/dags/dag_final.py", line 28, in scrape_fifa_raw
    with engine.begin() as conn:
  File "/home/airflow/.local/lib/python3.8/site-packages/sqlalchemy/engine/base.py", line 3153, in begin
    conn = self.connect(close_with_result=close_with_result)
  File "/home/airflow/.local/lib/python3.8/site-packages/sqlalchemy/engine/base.py", line 3325, in connect
    return self._connection_cls(self, close_with_result=close_with_result)
  File "/home/airflow/.local/lib/python3.8/site-packages/sqlalchemy/engine/base.py", line 96, in __init__
    else engine.raw_connection()
  File "/home/airflow/.local/lib/python3.8/site-packages/sqlalchemy/engine/base.py", line 3404, in raw_connection
    return self._wrap_pool_connect(self.pool.connect, _connection)
  File "/home/airflow/.local/lib/python3.8/site-packages/sqlalchemy/engine/base.py", line 3374, in _wrap_pool_connect
    Connection._handle_dbapi_exception_noconnection(
  File "/home/airflow/.local/lib/python3.8/site-packages/sqlalchemy/engine/base.py", line 2208, in _handle_dbapi_exception_noconnection
    util.raise_(
  File "/home/airflow/.local/lib/python3.8/site-packages/sqlalchemy/util/compat.py", line 211, in raise_
    raise exception
  File "/home/airflow/.local/lib/python3.8/site-packages/sqlalchemy/engine/base.py", line 3371, in _wrap_pool_connect
    return fn()
  File "/home/airflow/.local/lib/python3.8/site-packages/sqlalchemy/pool/base.py", line 327, in connect
    return _ConnectionFairy._checkout(self)
  File "/home/airflow/.local/lib/python3.8/site-packages/sqlalchemy/pool/base.py", line 894, in _checkout
    fairy = _ConnectionRecord.checkout(pool)
  File "/home/airflow/.local/lib/python3.8/site-packages/sqlalchemy/pool/base.py", line 493, in checkout
    rec = pool._do_get()
  File "/home/airflow/.local/lib/python3.8/site-packages/sqlalchemy/pool/impl.py", line 146, in _do_get
    self._dec_overflow()
  File "/home/airflow/.local/lib/python3.8/site-packages/sqlalchemy/util/langhelpers.py", line 70, in __exit__
    compat.raise_(
  File "/home/airflow/.local/lib/python3.8/site-packages/sqlalchemy/util/compat.py", line 211, in raise_
    raise exception
  File "/home/airflow/.local/lib/python3.8/site-packages/sqlalchemy/pool/impl.py", line 143, in _do_get
    return self._create_connection()
  File "/home/airflow/.local/lib/python3.8/site-packages/sqlalchemy/pool/base.py", line 273, in _create_connection
    return _ConnectionRecord(self)
  File "/home/airflow/.local/lib/python3.8/site-packages/sqlalchemy/pool/base.py", line 388, in __init__
    self.__connect()
  File "/home/airflow/.local/lib/python3.8/site-packages/sqlalchemy/pool/base.py", line 691, in __connect
    pool.logger.debug("Error on connect(): %s", e)
  File "/home/airflow/.local/lib/python3.8/site-packages/sqlalchemy/util/langhelpers.py", line 70, in __exit__
    compat.raise_(
  File "/home/airflow/.local/lib/python3.8/site-packages/sqlalchemy/util/compat.py", line 211, in raise_
    raise exception
  File "/home/airflow/.local/lib/python3.8/site-packages/sqlalchemy/pool/base.py", line 686, in __connect
    self.dbapi_connection = connection = pool._invoke_creator(self)
  File "/home/airflow/.local/lib/python3.8/site-packages/sqlalchemy/engine/create.py", line 574, in connect
    return dialect.connect(*cargs, **cparams)
  File "/home/airflow/.local/lib/python3.8/site-packages/sqlalchemy/engine/default.py", line 598, in connect
    return self.dbapi.connect(*cargs, **cparams)
  File "/home/airflow/.local/lib/python3.8/site-packages/psycopg2/__init__.py", line 122, in connect
    conn = _connect(dsn, connection_factory=connection_factory, **kwasync)
sqlalchemy.exc.OperationalError: (psycopg2.OperationalError) connection to server at "postgres" (172.19.0.2), port 5432 failed: FATAL:  database "fifa_dw_project" does not exist

(Background on this error at: https://sqlalche.me/e/14/e3q8)
[2025-11-10T03:30:44.351+0000] {taskinstance.py:1400} INFO - Marking task as FAILED. dag_id=fifa_world_cup_finals_etl, task_id=scrape_fifa_raw_data, execution_date=20251102T000000, start_date=20251110T033043, end_date=20251110T033044
[2025-11-10T03:30:44.362+0000] {standard_task_runner.py:104} ERROR - Failed to execute job 5 for task scrape_fifa_raw_data ((psycopg2.OperationalError) connection to server at "postgres" (172.19.0.2), port 5432 failed: FATAL:  database "fifa_dw_project" does not exist

(Background on this error at: https://sqlalche.me/e/14/e3q8); 549)
[2025-11-10T03:30:44.399+0000] {local_task_job_runner.py:228} INFO - Task exited with return code 1
[2025-11-10T03:30:44.422+0000] {taskinstance.py:2778} INFO - 0 downstream tasks scheduled from follow-on schedule check
