[2025-11-09T16:57:57.085+0000] {taskinstance.py:1956} INFO - Dependencies all met for dep_context=non-requeueable deps ti=<TaskInstance: fifa_world_cup_finals_etl.scrape_fifa_raw_data scheduled__2025-11-02T00:00:00+00:00 [queued]>
[2025-11-09T16:57:57.091+0000] {taskinstance.py:1956} INFO - Dependencies all met for dep_context=requeueable deps ti=<TaskInstance: fifa_world_cup_finals_etl.scrape_fifa_raw_data scheduled__2025-11-02T00:00:00+00:00 [queued]>
[2025-11-09T16:57:57.091+0000] {taskinstance.py:2170} INFO - Starting attempt 2 of 2
[2025-11-09T16:57:57.103+0000] {taskinstance.py:2191} INFO - Executing <Task(PythonOperator): scrape_fifa_raw_data> on 2025-11-02 00:00:00+00:00
[2025-11-09T16:57:57.111+0000] {standard_task_runner.py:60} INFO - Started process 2326 to run task
[2025-11-09T16:57:57.115+0000] {standard_task_runner.py:87} INFO - Running: ['airflow', 'tasks', 'run', 'fifa_world_cup_finals_etl', 'scrape_fifa_raw_data', 'scheduled__2025-11-02T00:00:00+00:00', '--job-id', '5', '--raw', '--subdir', 'DAGS_FOLDER/dag_final.py', '--cfg-path', '/tmp/tmp9nxhd__o']
[2025-11-09T16:57:57.118+0000] {standard_task_runner.py:88} INFO - Job 5: Subtask scrape_fifa_raw_data
[2025-11-09T16:57:57.175+0000] {task_command.py:423} INFO - Running <TaskInstance: fifa_world_cup_finals_etl.scrape_fifa_raw_data scheduled__2025-11-02T00:00:00+00:00 [running]> on host 6819cc8deed9
[2025-11-09T16:57:57.249+0000] {taskinstance.py:2480} INFO - Exporting env vars: AIRFLOW_CTX_DAG_OWNER='airflow' AIRFLOW_CTX_DAG_ID='fifa_world_cup_finals_etl' AIRFLOW_CTX_TASK_ID='scrape_fifa_raw_data' AIRFLOW_CTX_EXECUTION_DATE='2025-11-02T00:00:00+00:00' AIRFLOW_CTX_TRY_NUMBER='2' AIRFLOW_CTX_DAG_RUN_ID='scheduled__2025-11-02T00:00:00+00:00'
[2025-11-09T16:57:57.645+0000] {taskinstance.py:2698} ERROR - Task failed with exception
Traceback (most recent call last):
  File "/home/airflow/.local/lib/python3.8/site-packages/sqlalchemy/engine/base.py", line 1910, in _execute_context
    self.dialect.do_execute(
  File "/home/airflow/.local/lib/python3.8/site-packages/sqlalchemy/engine/default.py", line 736, in do_execute
    cursor.execute(statement, parameters)
psycopg2.errors.DependentObjectsStillExist: cannot drop table staging.fifa_raw_finals because other objects depend on it
DETAIL:  view public_analytics.fifa_clean depends on table staging.fifa_raw_finals
view analytics_analytics.fifa_clean depends on table staging.fifa_raw_finals
view analytics.fifa_clean depends on table staging.fifa_raw_finals
view analytics.fifa_world_cup_finals depends on table staging.fifa_raw_finals
HINT:  Use DROP ... CASCADE to drop the dependent objects too.


The above exception was the direct cause of the following exception:

Traceback (most recent call last):
  File "/home/airflow/.local/lib/python3.8/site-packages/airflow/models/taskinstance.py", line 433, in _execute_task
    result = execute_callable(context=context, **execute_callable_kwargs)
  File "/home/airflow/.local/lib/python3.8/site-packages/airflow/operators/python.py", line 199, in execute
    return_value = self.execute_callable()
  File "/home/airflow/.local/lib/python3.8/site-packages/airflow/operators/python.py", line 216, in execute_callable
    return self.python_callable(*self.op_args, **self.op_kwargs)
  File "/opt/airflow/dags/dag_final.py", line 30, in scrape_fifa_raw
    df.to_sql(
  File "/home/airflow/.local/lib/python3.8/site-packages/pandas/core/generic.py", line 2878, in to_sql
    return sql.to_sql(
  File "/home/airflow/.local/lib/python3.8/site-packages/pandas/io/sql.py", line 769, in to_sql
    return pandas_sql.to_sql(
  File "/home/airflow/.local/lib/python3.8/site-packages/pandas/io/sql.py", line 1910, in to_sql
    table = self.prep_table(
  File "/home/airflow/.local/lib/python3.8/site-packages/pandas/io/sql.py", line 1814, in prep_table
    table.create()
  File "/home/airflow/.local/lib/python3.8/site-packages/pandas/io/sql.py", line 907, in create
    self.pd_sql.drop_table(self.name, self.schema)
  File "/home/airflow/.local/lib/python3.8/site-packages/pandas/io/sql.py", line 1963, in drop_table
    self.get_table(table_name, schema).drop(bind=self.con)
  File "/home/airflow/.local/lib/python3.8/site-packages/sqlalchemy/sql/schema.py", line 979, in drop
    bind._run_ddl_visitor(ddl.SchemaDropper, self, checkfirst=checkfirst)
  File "/home/airflow/.local/lib/python3.8/site-packages/sqlalchemy/engine/base.py", line 2221, in _run_ddl_visitor
    visitorcallable(self.dialect, self, **kwargs).traverse_single(element)
  File "/home/airflow/.local/lib/python3.8/site-packages/sqlalchemy/sql/visitors.py", line 524, in traverse_single
    return meth(obj, **kw)
  File "/home/airflow/.local/lib/python3.8/site-packages/sqlalchemy/sql/ddl.py", line 1106, in visit_table
    self.connection.execute(DropTable(table))
  File "/home/airflow/.local/lib/python3.8/site-packages/sqlalchemy/engine/base.py", line 1385, in execute
    return meth(self, multiparams, params, _EMPTY_EXECUTION_OPTS)
  File "/home/airflow/.local/lib/python3.8/site-packages/sqlalchemy/sql/ddl.py", line 80, in _execute_on_connection
    return connection._execute_ddl(
  File "/home/airflow/.local/lib/python3.8/site-packages/sqlalchemy/engine/base.py", line 1477, in _execute_ddl
    ret = self._execute_context(
  File "/home/airflow/.local/lib/python3.8/site-packages/sqlalchemy/engine/base.py", line 1953, in _execute_context
    self._handle_dbapi_exception(
  File "/home/airflow/.local/lib/python3.8/site-packages/sqlalchemy/engine/base.py", line 2134, in _handle_dbapi_exception
    util.raise_(
  File "/home/airflow/.local/lib/python3.8/site-packages/sqlalchemy/util/compat.py", line 211, in raise_
    raise exception
  File "/home/airflow/.local/lib/python3.8/site-packages/sqlalchemy/engine/base.py", line 1910, in _execute_context
    self.dialect.do_execute(
  File "/home/airflow/.local/lib/python3.8/site-packages/sqlalchemy/engine/default.py", line 736, in do_execute
    cursor.execute(statement, parameters)
sqlalchemy.exc.InternalError: (psycopg2.errors.DependentObjectsStillExist) cannot drop table staging.fifa_raw_finals because other objects depend on it
DETAIL:  view public_analytics.fifa_clean depends on table staging.fifa_raw_finals
view analytics_analytics.fifa_clean depends on table staging.fifa_raw_finals
view analytics.fifa_clean depends on table staging.fifa_raw_finals
view analytics.fifa_world_cup_finals depends on table staging.fifa_raw_finals
HINT:  Use DROP ... CASCADE to drop the dependent objects too.

[SQL: 
DROP TABLE staging.fifa_raw_finals]
(Background on this error at: https://sqlalche.me/e/14/2j85)
[2025-11-09T16:57:57.664+0000] {taskinstance.py:1138} INFO - Marking task as FAILED. dag_id=fifa_world_cup_finals_etl, task_id=scrape_fifa_raw_data, execution_date=20251102T000000, start_date=20251109T165757, end_date=20251109T165757
[2025-11-09T16:57:57.675+0000] {standard_task_runner.py:107} ERROR - Failed to execute job 5 for task scrape_fifa_raw_data ((psycopg2.errors.DependentObjectsStillExist) cannot drop table staging.fifa_raw_finals because other objects depend on it
DETAIL:  view public_analytics.fifa_clean depends on table staging.fifa_raw_finals
view analytics_analytics.fifa_clean depends on table staging.fifa_raw_finals
view analytics.fifa_clean depends on table staging.fifa_raw_finals
view analytics.fifa_world_cup_finals depends on table staging.fifa_raw_finals
HINT:  Use DROP ... CASCADE to drop the dependent objects too.

[SQL: 
DROP TABLE staging.fifa_raw_finals]
(Background on this error at: https://sqlalche.me/e/14/2j85); 2326)
[2025-11-09T16:57:57.707+0000] {local_task_job_runner.py:234} INFO - Task exited with return code 1
[2025-11-09T16:57:57.728+0000] {taskinstance.py:3280} INFO - 0 downstream tasks scheduled from follow-on schedule check
[2025-11-09T17:26:30.464+0000] {taskinstance.py:1956} INFO - Dependencies all met for dep_context=non-requeueable deps ti=<TaskInstance: fifa_world_cup_finals_etl.scrape_fifa_raw_data scheduled__2025-11-02T00:00:00+00:00 [queued]>
[2025-11-09T17:26:30.470+0000] {taskinstance.py:1956} INFO - Dependencies all met for dep_context=requeueable deps ti=<TaskInstance: fifa_world_cup_finals_etl.scrape_fifa_raw_data scheduled__2025-11-02T00:00:00+00:00 [queued]>
[2025-11-09T17:26:30.471+0000] {taskinstance.py:2170} INFO - Starting attempt 2 of 2
[2025-11-09T17:26:30.482+0000] {taskinstance.py:2191} INFO - Executing <Task(PythonOperator): scrape_fifa_raw_data> on 2025-11-02 00:00:00+00:00
[2025-11-09T17:26:30.489+0000] {standard_task_runner.py:60} INFO - Started process 340 to run task
[2025-11-09T17:26:30.493+0000] {standard_task_runner.py:87} INFO - Running: ['airflow', 'tasks', 'run', 'fifa_world_cup_finals_etl', 'scrape_fifa_raw_data', 'scheduled__2025-11-02T00:00:00+00:00', '--job-id', '6', '--raw', '--subdir', 'DAGS_FOLDER/dag_final.py', '--cfg-path', '/tmp/tmpyem0_tjo']
[2025-11-09T17:26:30.496+0000] {standard_task_runner.py:88} INFO - Job 6: Subtask scrape_fifa_raw_data
[2025-11-09T17:26:30.551+0000] {task_command.py:423} INFO - Running <TaskInstance: fifa_world_cup_finals_etl.scrape_fifa_raw_data scheduled__2025-11-02T00:00:00+00:00 [running]> on host 5dc5c03d572d
[2025-11-09T17:26:30.625+0000] {taskinstance.py:2480} INFO - Exporting env vars: AIRFLOW_CTX_DAG_OWNER='airflow' AIRFLOW_CTX_DAG_ID='fifa_world_cup_finals_etl' AIRFLOW_CTX_TASK_ID='scrape_fifa_raw_data' AIRFLOW_CTX_EXECUTION_DATE='2025-11-02T00:00:00+00:00' AIRFLOW_CTX_TRY_NUMBER='2' AIRFLOW_CTX_DAG_RUN_ID='scheduled__2025-11-02T00:00:00+00:00'
[2025-11-09T17:26:31.069+0000] {python.py:201} INFO - Done. Returned value was: None
[2025-11-09T17:26:31.079+0000] {taskinstance.py:1138} INFO - Marking task as SUCCESS. dag_id=fifa_world_cup_finals_etl, task_id=scrape_fifa_raw_data, execution_date=20251102T000000, start_date=20251109T172630, end_date=20251109T172631
[2025-11-09T17:26:31.137+0000] {local_task_job_runner.py:234} INFO - Task exited with return code 0
[2025-11-09T17:26:31.157+0000] {taskinstance.py:3280} INFO - 1 downstream tasks scheduled from follow-on schedule check
[2025-11-09T19:25:14.246+0000] {taskinstance.py:1956} INFO - Dependencies all met for dep_context=non-requeueable deps ti=<TaskInstance: fifa_world_cup_finals_etl.scrape_fifa_raw_data scheduled__2025-11-02T00:00:00+00:00 [queued]>
[2025-11-09T19:25:14.252+0000] {taskinstance.py:1956} INFO - Dependencies all met for dep_context=requeueable deps ti=<TaskInstance: fifa_world_cup_finals_etl.scrape_fifa_raw_data scheduled__2025-11-02T00:00:00+00:00 [queued]>
[2025-11-09T19:25:14.253+0000] {taskinstance.py:2170} INFO - Starting attempt 2 of 2
[2025-11-09T19:25:14.264+0000] {taskinstance.py:2191} INFO - Executing <Task(PythonOperator): scrape_fifa_raw_data> on 2025-11-02 00:00:00+00:00
[2025-11-09T19:25:14.271+0000] {standard_task_runner.py:60} INFO - Started process 338 to run task
[2025-11-09T19:25:14.275+0000] {standard_task_runner.py:87} INFO - Running: ['airflow', 'tasks', 'run', 'fifa_world_cup_finals_etl', 'scrape_fifa_raw_data', 'scheduled__2025-11-02T00:00:00+00:00', '--job-id', '5', '--raw', '--subdir', 'DAGS_FOLDER/dag_final.py', '--cfg-path', '/tmp/tmptm13l10y']
[2025-11-09T19:25:14.278+0000] {standard_task_runner.py:88} INFO - Job 5: Subtask scrape_fifa_raw_data
[2025-11-09T19:25:14.333+0000] {task_command.py:423} INFO - Running <TaskInstance: fifa_world_cup_finals_etl.scrape_fifa_raw_data scheduled__2025-11-02T00:00:00+00:00 [running]> on host 91f49762ba45
[2025-11-09T19:25:14.406+0000] {taskinstance.py:2480} INFO - Exporting env vars: AIRFLOW_CTX_DAG_OWNER='airflow' AIRFLOW_CTX_DAG_ID='fifa_world_cup_finals_etl' AIRFLOW_CTX_TASK_ID='scrape_fifa_raw_data' AIRFLOW_CTX_EXECUTION_DATE='2025-11-02T00:00:00+00:00' AIRFLOW_CTX_TRY_NUMBER='2' AIRFLOW_CTX_DAG_RUN_ID='scheduled__2025-11-02T00:00:00+00:00'
[2025-11-09T19:25:14.880+0000] {python.py:201} INFO - Done. Returned value was: None
[2025-11-09T19:25:14.891+0000] {taskinstance.py:1138} INFO - Marking task as SUCCESS. dag_id=fifa_world_cup_finals_etl, task_id=scrape_fifa_raw_data, execution_date=20251102T000000, start_date=20251109T192514, end_date=20251109T192514
[2025-11-09T19:25:14.943+0000] {local_task_job_runner.py:234} INFO - Task exited with return code 0
[2025-11-09T19:25:14.963+0000] {taskinstance.py:3280} INFO - 1 downstream tasks scheduled from follow-on schedule check
[2025-11-09T19:45:36.731+0000] {taskinstance.py:1956} INFO - Dependencies all met for dep_context=non-requeueable deps ti=<TaskInstance: fifa_world_cup_finals_etl.scrape_fifa_raw_data scheduled__2025-11-02T00:00:00+00:00 [queued]>
[2025-11-09T19:45:36.737+0000] {taskinstance.py:1956} INFO - Dependencies all met for dep_context=requeueable deps ti=<TaskInstance: fifa_world_cup_finals_etl.scrape_fifa_raw_data scheduled__2025-11-02T00:00:00+00:00 [queued]>
[2025-11-09T19:45:36.737+0000] {taskinstance.py:2170} INFO - Starting attempt 2 of 2
[2025-11-09T19:45:36.748+0000] {taskinstance.py:2191} INFO - Executing <Task(PythonOperator): scrape_fifa_raw_data> on 2025-11-02 00:00:00+00:00
[2025-11-09T19:45:36.756+0000] {standard_task_runner.py:60} INFO - Started process 392 to run task
[2025-11-09T19:45:36.760+0000] {standard_task_runner.py:87} INFO - Running: ['airflow', 'tasks', 'run', 'fifa_world_cup_finals_etl', 'scrape_fifa_raw_data', 'scheduled__2025-11-02T00:00:00+00:00', '--job-id', '5', '--raw', '--subdir', 'DAGS_FOLDER/dag_final.py', '--cfg-path', '/tmp/tmpkqmeqb8x']
[2025-11-09T19:45:36.762+0000] {standard_task_runner.py:88} INFO - Job 5: Subtask scrape_fifa_raw_data
[2025-11-09T19:45:36.814+0000] {task_command.py:423} INFO - Running <TaskInstance: fifa_world_cup_finals_etl.scrape_fifa_raw_data scheduled__2025-11-02T00:00:00+00:00 [running]> on host 16b9eea7447b
[2025-11-09T19:45:36.881+0000] {taskinstance.py:2480} INFO - Exporting env vars: AIRFLOW_CTX_DAG_OWNER='airflow' AIRFLOW_CTX_DAG_ID='fifa_world_cup_finals_etl' AIRFLOW_CTX_TASK_ID='scrape_fifa_raw_data' AIRFLOW_CTX_EXECUTION_DATE='2025-11-02T00:00:00+00:00' AIRFLOW_CTX_TRY_NUMBER='2' AIRFLOW_CTX_DAG_RUN_ID='scheduled__2025-11-02T00:00:00+00:00'
[2025-11-09T19:45:37.380+0000] {python.py:201} INFO - Done. Returned value was: None
[2025-11-09T19:45:37.390+0000] {taskinstance.py:1138} INFO - Marking task as SUCCESS. dag_id=fifa_world_cup_finals_etl, task_id=scrape_fifa_raw_data, execution_date=20251102T000000, start_date=20251109T194536, end_date=20251109T194537
[2025-11-09T19:45:37.426+0000] {local_task_job_runner.py:234} INFO - Task exited with return code 0
[2025-11-09T19:45:37.445+0000] {taskinstance.py:3280} INFO - 1 downstream tasks scheduled from follow-on schedule check
[2025-11-09T22:42:43.462+0000] {taskinstance.py:1956} INFO - Dependencies all met for dep_context=non-requeueable deps ti=<TaskInstance: fifa_world_cup_finals_etl.scrape_fifa_raw_data scheduled__2025-11-02T00:00:00+00:00 [queued]>
[2025-11-09T22:42:43.468+0000] {taskinstance.py:1956} INFO - Dependencies all met for dep_context=requeueable deps ti=<TaskInstance: fifa_world_cup_finals_etl.scrape_fifa_raw_data scheduled__2025-11-02T00:00:00+00:00 [queued]>
[2025-11-09T22:42:43.468+0000] {taskinstance.py:2170} INFO - Starting attempt 2 of 2
[2025-11-09T22:42:43.478+0000] {taskinstance.py:2191} INFO - Executing <Task(PythonOperator): scrape_fifa_raw_data> on 2025-11-02 00:00:00+00:00
[2025-11-09T22:42:43.485+0000] {standard_task_runner.py:60} INFO - Started process 574 to run task
[2025-11-09T22:42:43.488+0000] {standard_task_runner.py:87} INFO - Running: ['airflow', 'tasks', 'run', 'fifa_world_cup_finals_etl', 'scrape_fifa_raw_data', 'scheduled__2025-11-02T00:00:00+00:00', '--job-id', '5', '--raw', '--subdir', 'DAGS_FOLDER/dag_final.py', '--cfg-path', '/tmp/tmpkvo2mmiu']
[2025-11-09T22:42:43.491+0000] {standard_task_runner.py:88} INFO - Job 5: Subtask scrape_fifa_raw_data
[2025-11-09T22:42:43.545+0000] {task_command.py:423} INFO - Running <TaskInstance: fifa_world_cup_finals_etl.scrape_fifa_raw_data scheduled__2025-11-02T00:00:00+00:00 [running]> on host 94b409795cfc
[2025-11-09T22:42:43.612+0000] {taskinstance.py:2480} INFO - Exporting env vars: AIRFLOW_CTX_DAG_OWNER='airflow' AIRFLOW_CTX_DAG_ID='fifa_world_cup_finals_etl' AIRFLOW_CTX_TASK_ID='scrape_fifa_raw_data' AIRFLOW_CTX_EXECUTION_DATE='2025-11-02T00:00:00+00:00' AIRFLOW_CTX_TRY_NUMBER='2' AIRFLOW_CTX_DAG_RUN_ID='scheduled__2025-11-02T00:00:00+00:00'
[2025-11-09T22:42:40.428+0000] {python.py:201} INFO - Done. Returned value was: None
[2025-11-09T22:42:40.437+0000] {taskinstance.py:1138} INFO - Marking task as SUCCESS. dag_id=fifa_world_cup_finals_etl, task_id=scrape_fifa_raw_data, execution_date=20251102T000000, start_date=20251109T224243, end_date=20251109T224240
[2025-11-09T22:42:40.461+0000] {local_task_job_runner.py:234} INFO - Task exited with return code 0
[2025-11-09T22:42:40.480+0000] {taskinstance.py:3280} INFO - 1 downstream tasks scheduled from follow-on schedule check
[2025-11-09T23:26:48.716+0000] {taskinstance.py:1956} INFO - Dependencies all met for dep_context=non-requeueable deps ti=<TaskInstance: fifa_world_cup_finals_etl.scrape_fifa_raw_data scheduled__2025-11-02T00:00:00+00:00 [queued]>
[2025-11-09T23:26:48.721+0000] {taskinstance.py:1956} INFO - Dependencies all met for dep_context=requeueable deps ti=<TaskInstance: fifa_world_cup_finals_etl.scrape_fifa_raw_data scheduled__2025-11-02T00:00:00+00:00 [queued]>
[2025-11-09T23:26:48.722+0000] {taskinstance.py:2170} INFO - Starting attempt 2 of 2
[2025-11-09T23:26:48.733+0000] {taskinstance.py:2191} INFO - Executing <Task(PythonOperator): scrape_fifa_raw_data> on 2025-11-02 00:00:00+00:00
[2025-11-09T23:26:48.739+0000] {standard_task_runner.py:60} INFO - Started process 314 to run task
[2025-11-09T23:26:48.744+0000] {standard_task_runner.py:87} INFO - Running: ['airflow', 'tasks', 'run', 'fifa_world_cup_finals_etl', 'scrape_fifa_raw_data', 'scheduled__2025-11-02T00:00:00+00:00', '--job-id', '5', '--raw', '--subdir', 'DAGS_FOLDER/dag_final.py', '--cfg-path', '/tmp/tmpafpz7rs9']
[2025-11-09T23:26:48.746+0000] {standard_task_runner.py:88} INFO - Job 5: Subtask scrape_fifa_raw_data
[2025-11-09T23:26:48.800+0000] {task_command.py:423} INFO - Running <TaskInstance: fifa_world_cup_finals_etl.scrape_fifa_raw_data scheduled__2025-11-02T00:00:00+00:00 [running]> on host cbc7c82ca98b
[2025-11-09T23:26:48.869+0000] {taskinstance.py:2480} INFO - Exporting env vars: AIRFLOW_CTX_DAG_OWNER='airflow' AIRFLOW_CTX_DAG_ID='fifa_world_cup_finals_etl' AIRFLOW_CTX_TASK_ID='scrape_fifa_raw_data' AIRFLOW_CTX_EXECUTION_DATE='2025-11-02T00:00:00+00:00' AIRFLOW_CTX_TRY_NUMBER='2' AIRFLOW_CTX_DAG_RUN_ID='scheduled__2025-11-02T00:00:00+00:00'
[2025-11-09T23:26:49.378+0000] {python.py:201} INFO - Done. Returned value was: None
[2025-11-09T23:26:49.388+0000] {taskinstance.py:1138} INFO - Marking task as SUCCESS. dag_id=fifa_world_cup_finals_etl, task_id=scrape_fifa_raw_data, execution_date=20251102T000000, start_date=20251109T232648, end_date=20251109T232649
[2025-11-09T23:26:49.437+0000] {local_task_job_runner.py:234} INFO - Task exited with return code 0
[2025-11-09T23:26:49.456+0000] {taskinstance.py:3280} INFO - 1 downstream tasks scheduled from follow-on schedule check
