[2025-11-09T16:57:56.473+0000] {taskinstance.py:1956} INFO - Dependencies all met for dep_context=non-requeueable deps ti=<TaskInstance: fifa_world_cup_finals_etl.scrape_fifa_raw_data manual__2025-11-09T16:52:55.653164+00:00 [queued]>
[2025-11-09T16:57:56.479+0000] {taskinstance.py:1956} INFO - Dependencies all met for dep_context=requeueable deps ti=<TaskInstance: fifa_world_cup_finals_etl.scrape_fifa_raw_data manual__2025-11-09T16:52:55.653164+00:00 [queued]>
[2025-11-09T16:57:56.480+0000] {taskinstance.py:2170} INFO - Starting attempt 2 of 2
[2025-11-09T16:57:56.494+0000] {taskinstance.py:2191} INFO - Executing <Task(PythonOperator): scrape_fifa_raw_data> on 2025-11-09 16:52:55.653164+00:00
[2025-11-09T16:57:56.502+0000] {standard_task_runner.py:60} INFO - Started process 2329 to run task
[2025-11-09T16:57:56.506+0000] {standard_task_runner.py:87} INFO - Running: ['airflow', 'tasks', 'run', 'fifa_world_cup_finals_etl', 'scrape_fifa_raw_data', 'manual__2025-11-09T16:52:55.653164+00:00', '--job-id', '6', '--raw', '--subdir', 'DAGS_FOLDER/dag_final.py', '--cfg-path', '/tmp/tmp58qvtsmu']
[2025-11-09T16:57:56.508+0000] {standard_task_runner.py:88} INFO - Job 6: Subtask scrape_fifa_raw_data
[2025-11-09T16:57:56.556+0000] {task_command.py:423} INFO - Running <TaskInstance: fifa_world_cup_finals_etl.scrape_fifa_raw_data manual__2025-11-09T16:52:55.653164+00:00 [running]> on host 6819cc8deed9
[2025-11-09T16:57:56.643+0000] {taskinstance.py:2480} INFO - Exporting env vars: AIRFLOW_CTX_DAG_OWNER='airflow' AIRFLOW_CTX_DAG_ID='fifa_world_cup_finals_etl' AIRFLOW_CTX_TASK_ID='scrape_fifa_raw_data' AIRFLOW_CTX_EXECUTION_DATE='2025-11-09T16:52:55.653164+00:00' AIRFLOW_CTX_TRY_NUMBER='2' AIRFLOW_CTX_DAG_RUN_ID='manual__2025-11-09T16:52:55.653164+00:00'
[2025-11-09T16:57:57.038+0000] {taskinstance.py:2698} ERROR - Task failed with exception
Traceback (most recent call last):
  File "/home/airflow/.local/lib/python3.8/site-packages/sqlalchemy/engine/base.py", line 1910, in _execute_context
    self.dialect.do_execute(
  File "/home/airflow/.local/lib/python3.8/site-packages/sqlalchemy/engine/default.py", line 736, in do_execute
    cursor.execute(statement, parameters)
psycopg2.errors.DependentObjectsStillExist: cannot drop table staging.fifa_raw_finals because other objects depend on it
DETAIL:  view public_analytics.fifa_clean depends on table staging.fifa_raw_finals
view analytics_analytics.fifa_clean depends on table staging.fifa_raw_finals
view analytics.fifa_clean depends on table staging.fifa_raw_finals
view analytics.fifa_world_cup_finals depends on table staging.fifa_raw_finals
HINT:  Use DROP ... CASCADE to drop the dependent objects too.


The above exception was the direct cause of the following exception:

Traceback (most recent call last):
  File "/home/airflow/.local/lib/python3.8/site-packages/airflow/models/taskinstance.py", line 433, in _execute_task
    result = execute_callable(context=context, **execute_callable_kwargs)
  File "/home/airflow/.local/lib/python3.8/site-packages/airflow/operators/python.py", line 199, in execute
    return_value = self.execute_callable()
  File "/home/airflow/.local/lib/python3.8/site-packages/airflow/operators/python.py", line 216, in execute_callable
    return self.python_callable(*self.op_args, **self.op_kwargs)
  File "/opt/airflow/dags/dag_final.py", line 30, in scrape_fifa_raw
    df.to_sql(
  File "/home/airflow/.local/lib/python3.8/site-packages/pandas/core/generic.py", line 2878, in to_sql
    return sql.to_sql(
  File "/home/airflow/.local/lib/python3.8/site-packages/pandas/io/sql.py", line 769, in to_sql
    return pandas_sql.to_sql(
  File "/home/airflow/.local/lib/python3.8/site-packages/pandas/io/sql.py", line 1910, in to_sql
    table = self.prep_table(
  File "/home/airflow/.local/lib/python3.8/site-packages/pandas/io/sql.py", line 1814, in prep_table
    table.create()
  File "/home/airflow/.local/lib/python3.8/site-packages/pandas/io/sql.py", line 907, in create
    self.pd_sql.drop_table(self.name, self.schema)
  File "/home/airflow/.local/lib/python3.8/site-packages/pandas/io/sql.py", line 1963, in drop_table
    self.get_table(table_name, schema).drop(bind=self.con)
  File "/home/airflow/.local/lib/python3.8/site-packages/sqlalchemy/sql/schema.py", line 979, in drop
    bind._run_ddl_visitor(ddl.SchemaDropper, self, checkfirst=checkfirst)
  File "/home/airflow/.local/lib/python3.8/site-packages/sqlalchemy/engine/base.py", line 2221, in _run_ddl_visitor
    visitorcallable(self.dialect, self, **kwargs).traverse_single(element)
  File "/home/airflow/.local/lib/python3.8/site-packages/sqlalchemy/sql/visitors.py", line 524, in traverse_single
    return meth(obj, **kw)
  File "/home/airflow/.local/lib/python3.8/site-packages/sqlalchemy/sql/ddl.py", line 1106, in visit_table
    self.connection.execute(DropTable(table))
  File "/home/airflow/.local/lib/python3.8/site-packages/sqlalchemy/engine/base.py", line 1385, in execute
    return meth(self, multiparams, params, _EMPTY_EXECUTION_OPTS)
  File "/home/airflow/.local/lib/python3.8/site-packages/sqlalchemy/sql/ddl.py", line 80, in _execute_on_connection
    return connection._execute_ddl(
  File "/home/airflow/.local/lib/python3.8/site-packages/sqlalchemy/engine/base.py", line 1477, in _execute_ddl
    ret = self._execute_context(
  File "/home/airflow/.local/lib/python3.8/site-packages/sqlalchemy/engine/base.py", line 1953, in _execute_context
    self._handle_dbapi_exception(
  File "/home/airflow/.local/lib/python3.8/site-packages/sqlalchemy/engine/base.py", line 2134, in _handle_dbapi_exception
    util.raise_(
  File "/home/airflow/.local/lib/python3.8/site-packages/sqlalchemy/util/compat.py", line 211, in raise_
    raise exception
  File "/home/airflow/.local/lib/python3.8/site-packages/sqlalchemy/engine/base.py", line 1910, in _execute_context
    self.dialect.do_execute(
  File "/home/airflow/.local/lib/python3.8/site-packages/sqlalchemy/engine/default.py", line 736, in do_execute
    cursor.execute(statement, parameters)
sqlalchemy.exc.InternalError: (psycopg2.errors.DependentObjectsStillExist) cannot drop table staging.fifa_raw_finals because other objects depend on it
DETAIL:  view public_analytics.fifa_clean depends on table staging.fifa_raw_finals
view analytics_analytics.fifa_clean depends on table staging.fifa_raw_finals
view analytics.fifa_clean depends on table staging.fifa_raw_finals
view analytics.fifa_world_cup_finals depends on table staging.fifa_raw_finals
HINT:  Use DROP ... CASCADE to drop the dependent objects too.

[SQL: 
DROP TABLE staging.fifa_raw_finals]
(Background on this error at: https://sqlalche.me/e/14/2j85)
[2025-11-09T16:57:57.059+0000] {taskinstance.py:1138} INFO - Marking task as FAILED. dag_id=fifa_world_cup_finals_etl, task_id=scrape_fifa_raw_data, execution_date=20251109T165255, start_date=20251109T165756, end_date=20251109T165757
[2025-11-09T16:57:57.071+0000] {standard_task_runner.py:107} ERROR - Failed to execute job 6 for task scrape_fifa_raw_data ((psycopg2.errors.DependentObjectsStillExist) cannot drop table staging.fifa_raw_finals because other objects depend on it
DETAIL:  view public_analytics.fifa_clean depends on table staging.fifa_raw_finals
view analytics_analytics.fifa_clean depends on table staging.fifa_raw_finals
view analytics.fifa_clean depends on table staging.fifa_raw_finals
view analytics.fifa_world_cup_finals depends on table staging.fifa_raw_finals
HINT:  Use DROP ... CASCADE to drop the dependent objects too.

[SQL: 
DROP TABLE staging.fifa_raw_finals]
(Background on this error at: https://sqlalche.me/e/14/2j85); 2329)
[2025-11-09T16:57:57.093+0000] {local_task_job_runner.py:234} INFO - Task exited with return code 1
[2025-11-09T16:57:57.115+0000] {taskinstance.py:3280} INFO - 0 downstream tasks scheduled from follow-on schedule check
