[2025-11-09T18:29:27.386+0000] {taskinstance.py:1956} INFO - Dependencies all met for dep_context=non-requeueable deps ti=<TaskInstance: fifa_world_cup_finals_etl.scrape_fifa_raw_data manual__2025-11-09T18:29:25.422841+00:00 [queued]>
[2025-11-09T18:29:27.393+0000] {taskinstance.py:1956} INFO - Dependencies all met for dep_context=requeueable deps ti=<TaskInstance: fifa_world_cup_finals_etl.scrape_fifa_raw_data manual__2025-11-09T18:29:25.422841+00:00 [queued]>
[2025-11-09T18:29:27.393+0000] {taskinstance.py:2170} INFO - Starting attempt 1 of 2
[2025-11-09T18:29:27.406+0000] {taskinstance.py:2191} INFO - Executing <Task(PythonOperator): scrape_fifa_raw_data> on 2025-11-09 18:29:25.422841+00:00
[2025-11-09T18:29:27.414+0000] {standard_task_runner.py:60} INFO - Started process 184 to run task
[2025-11-09T18:29:27.418+0000] {standard_task_runner.py:87} INFO - Running: ['airflow', 'tasks', 'run', 'fifa_world_cup_finals_etl', 'scrape_fifa_raw_data', 'manual__2025-11-09T18:29:25.422841+00:00', '--job-id', '2', '--raw', '--subdir', 'DAGS_FOLDER/dag_final.py', '--cfg-path', '/tmp/tmpzs6s8ri4']
[2025-11-09T18:29:27.420+0000] {standard_task_runner.py:88} INFO - Job 2: Subtask scrape_fifa_raw_data
[2025-11-09T18:29:27.478+0000] {task_command.py:423} INFO - Running <TaskInstance: fifa_world_cup_finals_etl.scrape_fifa_raw_data manual__2025-11-09T18:29:25.422841+00:00 [running]> on host 8dc57504298e
[2025-11-09T18:29:27.577+0000] {taskinstance.py:2480} INFO - Exporting env vars: AIRFLOW_CTX_DAG_OWNER='airflow' AIRFLOW_CTX_DAG_ID='fifa_world_cup_finals_etl' AIRFLOW_CTX_TASK_ID='scrape_fifa_raw_data' AIRFLOW_CTX_EXECUTION_DATE='2025-11-09T18:29:25.422841+00:00' AIRFLOW_CTX_TRY_NUMBER='1' AIRFLOW_CTX_DAG_RUN_ID='manual__2025-11-09T18:29:25.422841+00:00'
[2025-11-09T18:29:28.005+0000] {taskinstance.py:2698} ERROR - Task failed with exception
Traceback (most recent call last):
  File "/home/airflow/.local/lib/python3.8/site-packages/sqlalchemy/engine/base.py", line 1910, in _execute_context
    self.dialect.do_execute(
  File "/home/airflow/.local/lib/python3.8/site-packages/sqlalchemy/engine/default.py", line 736, in do_execute
    cursor.execute(statement, parameters)
psycopg2.errors.UniqueViolation: duplicate key value violates unique constraint "pg_namespace_nspname_index"
DETAIL:  Key (nspname)=(staging) already exists.


The above exception was the direct cause of the following exception:

Traceback (most recent call last):
  File "/home/airflow/.local/lib/python3.8/site-packages/airflow/models/taskinstance.py", line 433, in _execute_task
    result = execute_callable(context=context, **execute_callable_kwargs)
  File "/home/airflow/.local/lib/python3.8/site-packages/airflow/operators/python.py", line 199, in execute
    return_value = self.execute_callable()
  File "/home/airflow/.local/lib/python3.8/site-packages/airflow/operators/python.py", line 216, in execute_callable
    return self.python_callable(*self.op_args, **self.op_kwargs)
  File "/opt/airflow/dags/dag_final.py", line 27, in scrape_fifa_raw
    conn.execute(text("CREATE SCHEMA IF NOT EXISTS staging;"))
  File "/home/airflow/.local/lib/python3.8/site-packages/sqlalchemy/engine/base.py", line 1385, in execute
    return meth(self, multiparams, params, _EMPTY_EXECUTION_OPTS)
  File "/home/airflow/.local/lib/python3.8/site-packages/sqlalchemy/sql/elements.py", line 334, in _execute_on_connection
    return connection._execute_clauseelement(
  File "/home/airflow/.local/lib/python3.8/site-packages/sqlalchemy/engine/base.py", line 1577, in _execute_clauseelement
    ret = self._execute_context(
  File "/home/airflow/.local/lib/python3.8/site-packages/sqlalchemy/engine/base.py", line 1953, in _execute_context
    self._handle_dbapi_exception(
  File "/home/airflow/.local/lib/python3.8/site-packages/sqlalchemy/engine/base.py", line 2134, in _handle_dbapi_exception
    util.raise_(
  File "/home/airflow/.local/lib/python3.8/site-packages/sqlalchemy/util/compat.py", line 211, in raise_
    raise exception
  File "/home/airflow/.local/lib/python3.8/site-packages/sqlalchemy/engine/base.py", line 1910, in _execute_context
    self.dialect.do_execute(
  File "/home/airflow/.local/lib/python3.8/site-packages/sqlalchemy/engine/default.py", line 736, in do_execute
    cursor.execute(statement, parameters)
sqlalchemy.exc.IntegrityError: (psycopg2.errors.UniqueViolation) duplicate key value violates unique constraint "pg_namespace_nspname_index"
DETAIL:  Key (nspname)=(staging) already exists.

[SQL: CREATE SCHEMA IF NOT EXISTS staging;]
(Background on this error at: https://sqlalche.me/e/14/gkpj)
[2025-11-09T18:29:28.021+0000] {taskinstance.py:1138} INFO - Marking task as UP_FOR_RETRY. dag_id=fifa_world_cup_finals_etl, task_id=scrape_fifa_raw_data, execution_date=20251109T182925, start_date=20251109T182927, end_date=20251109T182928
[2025-11-09T18:29:28.048+0000] {standard_task_runner.py:107} ERROR - Failed to execute job 2 for task scrape_fifa_raw_data ((psycopg2.errors.UniqueViolation) duplicate key value violates unique constraint "pg_namespace_nspname_index"
DETAIL:  Key (nspname)=(staging) already exists.

[SQL: CREATE SCHEMA IF NOT EXISTS staging;]
(Background on this error at: https://sqlalche.me/e/14/gkpj); 184)
[2025-11-09T18:29:28.092+0000] {local_task_job_runner.py:234} INFO - Task exited with return code 1
[2025-11-09T18:29:28.113+0000] {taskinstance.py:3280} INFO - 0 downstream tasks scheduled from follow-on schedule check
